<?xml version="1.0" encoding="UTF-8"?>
<!-- Generated by org.testng.reporters.JUnitXMLReporter -->
<testsuite hostname="DESKTOP-EP1U8J0" ignored="2" name="Test" tests="2" failures="0" timestamp="14 Dec 2019 10:08:43 GMT" time="43.924" errors="0">
  <testcase name="testSkipSignIn" time="3.583" classname="testcase.SkipSignInTest"/>
  <testcase name="testSignin" time="5.263" classname="testcase.SignInTest"/>
  <testcase name="@BeforeSuite testReporter" time="0.0" classname="testcase.BaseTest">
    <ignored/>
  </testcase> <!-- @BeforeSuite testReporter -->
  <testcase name="@AfterSuite testFlushAll" time="0.0" classname="testcase.BaseTest">
    <ignored/>
  </testcase> <!-- @AfterSuite testFlushAll -->
</testsuite> <!-- Test -->
