<?xml version="1.0" encoding="UTF-8"?>
<testng-results skipped="0" failed="0" ignored="2" total="4" passed="2">
  <reporter-output>
  </reporter-output>
  <suite name="Suite" duration-ms="43924" started-at="2019-12-14T10:07:59Z" finished-at="2019-12-14T10:08:43Z">
    <groups>
    </groups>
    <test name="Test" duration-ms="43924" started-at="2019-12-14T10:07:59Z" finished-at="2019-12-14T10:08:43Z">
      <class name="testcase.SignInTest">
        <test-method status="PASS" signature="testInvokeBrowser()[pri:0, instance:testcase.SignInTest@d25987]" name="testInvokeBrowser" is-config="true" duration-ms="13762" started-at="2019-12-14T15:38:23Z" finished-at="2019-12-14T15:38:37Z">
          <reporter-output>
          </reporter-output>
        </test-method> <!-- testInvokeBrowser -->
        <test-method status="PASS" signature="testSignin(java.lang.String)[pri:0, instance:testcase.SignInTest@d25987]" name="testSignin" duration-ms="5263" started-at="2019-12-14T15:38:37Z" data-provider="emails" finished-at="2019-12-14T15:38:42Z">
          <params>
            <param index="0">
              <value>
                <![CDATA[guru@gmail.com]]>
              </value>
            </param>
          </params>
          <reporter-output>
          </reporter-output>
        </test-method> <!-- testSignin -->
        <test-method status="PASS" signature="testCloseBrowser(org.testng.ITestResult)[pri:0, instance:testcase.SignInTest@d25987]" name="testCloseBrowser" is-config="true" duration-ms="867" started-at="2019-12-14T15:38:42Z" finished-at="2019-12-14T15:38:43Z">
          <params>
            <param index="0">
              <value>
                <![CDATA[[TestResult name=testSignin status=SUCCESS method=SignInTest.testSignin(java.lang.String)[pri:0, instance:testcase.SignInTest@d25987] output={null}]]]>
              </value>
            </param>
          </params>
          <reporter-output>
          </reporter-output>
        </test-method> <!-- testCloseBrowser -->
      </class> <!-- testcase.SignInTest -->
      <class name="testcase.SkipSignInTest">
        <test-method status="PASS" signature="testReporter()[pri:0, instance:testcase.SkipSignInTest@1fa1d9b]" name="testReporter" is-config="true" duration-ms="188" started-at="2019-12-14T15:37:59Z" finished-at="2019-12-14T15:37:59Z">
          <reporter-output>
          </reporter-output>
        </test-method> <!-- testReporter -->
        <test-method status="PASS" signature="testInvokeBrowser()[pri:0, instance:testcase.SkipSignInTest@1fa1d9b]" name="testInvokeBrowser" is-config="true" duration-ms="15826" started-at="2019-12-14T15:37:59Z" finished-at="2019-12-14T15:38:15Z">
          <reporter-output>
          </reporter-output>
        </test-method> <!-- testInvokeBrowser -->
        <test-method status="PASS" signature="testSkipSignIn()[pri:0, instance:testcase.SkipSignInTest@1fa1d9b]" name="testSkipSignIn" duration-ms="3583" started-at="2019-12-14T15:38:15Z" finished-at="2019-12-14T15:38:19Z">
          <reporter-output>
          </reporter-output>
        </test-method> <!-- testSkipSignIn -->
        <test-method status="PASS" signature="testCloseBrowser(org.testng.ITestResult)[pri:0, instance:testcase.SkipSignInTest@1fa1d9b]" name="testCloseBrowser" is-config="true" duration-ms="4131" started-at="2019-12-14T15:38:19Z" finished-at="2019-12-14T15:38:23Z">
          <params>
            <param index="0">
              <value>
                <![CDATA[[TestResult name=testSkipSignIn status=SUCCESS method=SkipSignInTest.testSkipSignIn()[pri:0, instance:testcase.SkipSignInTest@1fa1d9b] output={null}]]]>
              </value>
            </param>
          </params>
          <reporter-output>
          </reporter-output>
        </test-method> <!-- testCloseBrowser -->
        <test-method status="PASS" signature="testFlushAll()[pri:0, instance:testcase.SkipSignInTest@1fa1d9b]" name="testFlushAll" is-config="true" duration-ms="908" started-at="2019-12-14T15:38:43Z" finished-at="2019-12-14T15:38:44Z">
          <reporter-output>
          </reporter-output>
        </test-method> <!-- testFlushAll -->
      </class> <!-- testcase.SkipSignInTest -->
    </test> <!-- Test -->
  </suite> <!-- Suite -->
</testng-results>
